2020-09-01 08:19:59,575:WARNING:discord.client: PyNaCl is not installed, voice will NOT be supported
2020-09-01 08:19:59,581:DEBUG:discord.client: on_command_error has successfully been registered as an event
2020-09-01 08:19:59,581:DEBUG:discord.client: on_ready has successfully been registered as an event
2020-09-01 08:19:59,581:DEBUG:discord.client: on_message has successfully been registered as an event
2020-09-01 08:19:59,582:DEBUG:discord.client: on_error has successfully been registered as an event
2020-09-01 08:19:59,582:INFO:discord.client: logging in using static token
2020-09-01 08:19:59,796:DEBUG:discord.http: GET https://discord.com/api/v7/users/@me with None has returned 200
2020-09-01 08:19:59,796:DEBUG:discord.http: GET https://discord.com/api/v7/users/@me has received {'id': '750316942921039913', 'username': 'TempMon', 'avatar': '196e066ddc6592bd00f28701af09a1f0', 'discriminator': '2939', 'public_flags': 0, 'flags': 0, 'bot': True, 'email': None, 'verified': True, 'locale': 'en-US', 'mfa_enabled': True}
2020-09-01 08:19:59,818:DEBUG:discord.http: GET https://discord.com/api/v7/gateway with None has returned 200
2020-09-01 08:19:59,819:DEBUG:discord.http: GET https://discord.com/api/v7/gateway has received {'url': 'wss://gateway.discord.gg'}
2020-09-01 08:19:59,985:DEBUG:discord.gateway: Created websocket connected to wss://gateway.discord.gg?encoding=json&v=6&compress=zlib-stream
2020-09-01 08:19:59,985:DEBUG:discord.client: Dispatching event socket_raw_receive
2020-09-01 08:19:59,985:DEBUG:discord.gateway: For Shard ID None: WebSocket Event: {'t': None, 's': None, 'op': 10, 'd': {'heartbeat_interval': 41250, '_trace': ['["gateway-prd-main-jxbr",{"micros":0.0}]']}}
2020-09-01 08:19:59,985:DEBUG:discord.client: Dispatching event socket_response
2020-09-01 08:19:59,985:DEBUG:discord.client: Dispatching event socket_raw_send
2020-09-01 08:19:59,986:DEBUG:discord.client: Dispatching event socket_raw_send
2020-09-01 08:19:59,986:INFO:discord.gateway: Shard ID None has sent the IDENTIFY payload.
2020-09-01 08:20:00,057:DEBUG:discord.client: Dispatching event socket_raw_receive
2020-09-01 08:20:00,057:DEBUG:discord.gateway: For Shard ID None: WebSocket Event: {'t': None, 's': None, 'op': 11, 'd': None}
2020-09-01 08:20:00,057:DEBUG:discord.client: Dispatching event socket_response
2020-09-01 08:20:00,202:DEBUG:discord.client: Dispatching event socket_raw_receive
2020-09-01 08:20:00,202:DEBUG:discord.gateway: For Shard ID None: WebSocket Event: {'t': 'READY', 's': 1, 'op': 0, 'd': {'v': 6, 'user_settings': {}, 'user': {'verified': True, 'username': 'TempMon', 'mfa_enabled': True, 'id': '750316942921039913', 'flags': 0, 'email': None, 'discriminator': '2939', 'bot': True, 'avatar': '196e066ddc6592bd00f28701af09a1f0'}, 'session_id': 'ef369d2831be1cc82443c81af6b06318', 'relationships': [], 'private_channels': [], 'presences': [], 'guilds': [{'unavailable': True, 'id': '750319399839465512'}], 'application': {'id': '750316942921039913', 'flags': 0}, '_trace': ['["gateway-prd-main-jxbr",{"micros":142409,"calls":["discord-sessions-prd-2-64",{"micros":140542,"calls":["start_session",{"micros":128290,"calls":["api-prd-main-1vq1",{"micros":125407,"calls":["get_user",{"micros":14738},"add_authorized_ip",{"micros":1878},"get_guilds",{"micros":31816},"coros_wait",{"micros":3}]}]},"guilds_connect",{"micros":1,"calls":[]},"presence_connect",{"micros":3090,"calls":[]}]}]}]']}}
2020-09-01 08:20:00,202:DEBUG:discord.client: Dispatching event socket_response
2020-09-01 08:20:00,202:INFO:discord.gateway: Shard ID None has connected to Gateway: ["gateway-prd-main-jxbr",{"micros":142409,"calls":["discord-sessions-prd-2-64",{"micros":140542,"calls":["start_session",{"micros":128290,"calls":["api-prd-main-1vq1",{"micros":125407,"calls":["get_user",{"micros":14738},"add_authorized_ip",{"micros":1878},"get_guilds",{"micros":31816},"coros_wait",{"micros":3}]}]},"guilds_connect",{"micros":1,"calls":[]},"presence_connect",{"micros":3090,"calls":[]}]}]}] (Session ID: ef369d2831be1cc82443c81af6b06318).
2020-09-01 08:20:00,211:DEBUG:discord.client: Dispatching event connect
2020-09-01 08:20:00,212:DEBUG:discord.client: Dispatching event socket_raw_receive
2020-09-01 08:20:00,212:DEBUG:discord.gateway: For Shard ID None: WebSocket Event: {'t': 'GUILD_CREATE', 's': 2, 'op': 0, 'd': {'preferred_locale': 'en-US', 'default_message_notifications': 0, 'premium_subscription_count': 0, 'large': False, 'system_channel_id': '750319399839465515', 'rules_channel_id': None, 'system_channel_flags': 0, 'roles': [{'position': 0, 'permissions_new': '104320577', 'permissions': 104320577, 'name': '@everyone', 'mentionable': False, 'managed': False, 'id': '750319399839465512', 'hoist': False, 'color': 0}, {'tags': {'bot_id': '750316942921039913'}, 'position': 1, 'permissions_new': '8', 'permissions': 8, 'name': 'TempMon', 'mentionable': False, 'managed': True, 'id': '750330561939111997', 'hoist': False, 'color': 0}, {'position': 2, 'permissions_new': '1610084223', 'permissions': 1610084223, 'name': 'admin', 'mentionable': True, 'managed': False, 'id': '750341519873147010', 'hoist': True, 'color': 3066993}], 'application_id': None, 'emojis': [], 'icon': None, 'region': 'us-west', 'unavailable': False, 'name': 'cubic', 'splash': None, 'premium_tier': 0, 'lazy': True, 'verification_level': 0, 'discovery_splash': None, 'presences': [{'user': {'id': '584844490527997964'}, 'status': 'online', 'game': None, 'client_status': {'desktop': 'online'}, 'activities': []}, {'user': {'id': '750316942921039913'}, 'status': 'online', 'game': None, 'client_status': {'web': 'online'}, 'activities': []}], 'max_video_channel_users': 25, 'banner': None, 'joined_at': '2020-09-01T12:25:46.464474+00:00', 'member_count': 2, 'features': [], 'vanity_url_code': None, 'afk_channel_id': None, 'owner_id': '584844490527997964', 'afk_timeout': 300, 'public_updates_channel_id': None, 'voice_states': [], 'guild_hashes': {'version': 1, 'roles': {'omitted': False, 'hash': 'RKuWmXF1oNE'}, 'metadata': {'omitted': False, 'hash': 'wNnPfqRVLBw'}, 'channels': {'omitted': False, 'hash': 'ieQQ90sbFgU'}}, 'members': [{'user': {'username': 'cubic_unit', 'id': '584844490527997964', 'discriminator': '7275', 'avatar': '0b1844aa431aac554cc2eb445f44ba00'}, 'roles': ['750341519873147010'], 'premium_since': None, 'nick': None, 'mute': False, 'joined_at': '2020-09-01T11:41:25.185000+00:00', 'hoisted_role': '750341519873147010', 'deaf': False}, {'user': {'username': 'TempMon', 'id': '750316942921039913', 'discriminator': '2939', 'bot': True, 'avatar': '196e066ddc6592bd00f28701af09a1f0'}, 'roles': ['750330561939111997'], 'premium_since': None, 'nick': None, 'mute': False, 'joined_at': '2020-09-01T12:25:46.464474+00:00', 'hoisted_role': None, 'deaf': False}], 'id': '750319399839465512', 'mfa_level': 0, 'description': None, 'channels': [{'type': 4, 'position': 0, 'permission_overwrites': [], 'name': 'Text Channels', 'id': '750319399839465513'}, {'type': 4, 'position': 0, 'permission_overwrites': [], 'name': 'Voice Channels', 'id': '750319399839465514'}, {'type': 0, 'topic': None, 'rate_limit_per_user': 0, 'position': 0, 'permission_overwrites': [], 'parent_id': '750319399839465513', 'nsfw': False, 'name': 'general', 'last_message_id': '750344562358223049', 'id': '750319399839465515'}, {'user_limit': 0, 'type': 2, 'position': 0, 'permission_overwrites': [], 'parent_id': '750319399839465514', 'name': 'General', 'id': '750319399839465516', 'bitrate': 64000}, {'type': 0, 'topic': None, 'rate_limit_per_user': 0, 'position': 1, 'permission_overwrites': [], 'parent_id': '750319399839465513', 'nsfw': False, 'name': 'oh-default', 'last_message_id': '750353005974650960', 'id': '750344562752487495'}, {'type': 0, 'topic': None, 'rate_limit_per_user': 0, 'position': 2, 'permission_overwrites': [], 'parent_id': '750319399839465513', 'nsfw': False, 'name': 'bot-voice', 'last_message_id': None, 'id': '750354502137282641'}], 'explicit_content_filter': 0}}
2020-09-01 08:20:00,212:DEBUG:discord.client: Dispatching event socket_response
2020-09-01 08:20:00,212:DEBUG:discord.client: Dispatching event guild_available
2020-09-01 08:20:02,226:DEBUG:discord.client: Dispatching event ready
2020-09-01 08:20:16,562:INFO:discord.client: Received signal to terminate bot and event loop.
2020-09-01 08:20:16,562:INFO:discord.client: Cleaning up tasks.
2020-09-01 08:20:16,562:INFO:discord.client: Cleaning up after 1 tasks.
2020-09-01 08:20:16,603:INFO:discord.client: All tasks finished cancelling.
2020-09-01 08:20:16,603:INFO:discord.client: Closing the event loop.
2020-09-01 08:20:17,920:WARNING:discord.client: PyNaCl is not installed, voice will NOT be supported
2020-09-01 08:20:17,929:DEBUG:discord.client: on_command_error has successfully been registered as an event
2020-09-01 08:20:17,929:DEBUG:discord.client: on_ready has successfully been registered as an event
2020-09-01 08:20:17,929:DEBUG:discord.client: on_message has successfully been registered as an event
2020-09-01 08:20:17,929:DEBUG:discord.client: on_error has successfully been registered as an event
2020-09-01 08:20:17,929:INFO:discord.client: logging in using static token
2020-09-01 08:20:18,121:DEBUG:discord.http: GET https://discord.com/api/v7/users/@me with None has returned 200
2020-09-01 08:20:18,121:DEBUG:discord.http: GET https://discord.com/api/v7/users/@me has received {'id': '750316942921039913', 'username': 'TempMon', 'avatar': '196e066ddc6592bd00f28701af09a1f0', 'discriminator': '2939', 'public_flags': 0, 'flags': 0, 'bot': True, 'email': None, 'verified': True, 'locale': 'en-US', 'mfa_enabled': True}
2020-09-01 08:20:18,144:DEBUG:discord.http: GET https://discord.com/api/v7/gateway with None has returned 200
2020-09-01 08:20:18,144:DEBUG:discord.http: GET https://discord.com/api/v7/gateway has received {'url': 'wss://gateway.discord.gg'}
2020-09-01 08:20:18,293:DEBUG:discord.gateway: Created websocket connected to wss://gateway.discord.gg?encoding=json&v=6&compress=zlib-stream
2020-09-01 08:20:18,293:DEBUG:discord.client: Dispatching event socket_raw_receive
2020-09-01 08:20:18,293:DEBUG:discord.gateway: For Shard ID None: WebSocket Event: {'t': None, 's': None, 'op': 10, 'd': {'heartbeat_interval': 41250, '_trace': ['["gateway-prd-main-f2n6",{"micros":0.0}]']}}
2020-09-01 08:20:18,293:DEBUG:discord.client: Dispatching event socket_response
2020-09-01 08:20:18,293:DEBUG:discord.client: Dispatching event socket_raw_send
2020-09-01 08:20:18,294:DEBUG:discord.client: Dispatching event socket_raw_send
2020-09-01 08:20:18,294:INFO:discord.gateway: Shard ID None has sent the IDENTIFY payload.
2020-09-01 08:20:18,360:DEBUG:discord.client: Dispatching event socket_raw_receive
2020-09-01 08:20:18,360:DEBUG:discord.gateway: For Shard ID None: WebSocket Event: {'t': None, 's': None, 'op': 11, 'd': None}
2020-09-01 08:20:18,360:DEBUG:discord.client: Dispatching event socket_response
2020-09-01 08:20:18,406:DEBUG:discord.client: Dispatching event socket_raw_receive
2020-09-01 08:20:18,406:DEBUG:discord.gateway: For Shard ID None: WebSocket Event: {'t': 'READY', 's': 1, 'op': 0, 'd': {'v': 6, 'user_settings': {}, 'user': {'verified': True, 'username': 'TempMon', 'mfa_enabled': True, 'id': '750316942921039913', 'flags': 0, 'email': None, 'discriminator': '2939', 'bot': True, 'avatar': '196e066ddc6592bd00f28701af09a1f0'}, 'session_id': '2836a34861f0d7bfea3f954750e2bd89', 'relationships': [], 'private_channels': [], 'presences': [], 'guilds': [{'unavailable': True, 'id': '750319399839465512'}], 'application': {'id': '750316942921039913', 'flags': 0}, '_trace': ['["gateway-prd-main-f2n6",{"micros":43854,"calls":["discord-sessions-prd-2-4",{"micros":40046,"calls":["start_session",{"micros":37847,"calls":["api-prd-main-9r79",{"micros":31802,"calls":["get_user",{"micros":3200},"add_authorized_ip",{"micros":1268},"get_guilds",{"micros":1338},"coros_wait",{"micros":0}]}]},"guilds_connect",{"micros":2,"calls":[]},"presence_connect",{"micros":1,"calls":[]}]}]}]']}}
2020-09-01 08:20:18,406:DEBUG:discord.client: Dispatching event socket_response
2020-09-01 08:20:18,406:INFO:discord.gateway: Shard ID None has connected to Gateway: ["gateway-prd-main-f2n6",{"micros":43854,"calls":["discord-sessions-prd-2-4",{"micros":40046,"calls":["start_session",{"micros":37847,"calls":["api-prd-main-9r79",{"micros":31802,"calls":["get_user",{"micros":3200},"add_authorized_ip",{"micros":1268},"get_guilds",{"micros":1338},"coros_wait",{"micros":0}]}]},"guilds_connect",{"micros":2,"calls":[]},"presence_connect",{"micros":1,"calls":[]}]}]}] (Session ID: 2836a34861f0d7bfea3f954750e2bd89).
2020-09-01 08:20:18,412:DEBUG:discord.client: Dispatching event connect
2020-09-01 08:20:18,413:DEBUG:discord.client: Dispatching event socket_raw_receive
2020-09-01 08:20:18,413:DEBUG:discord.gateway: For Shard ID None: WebSocket Event: {'t': 'GUILD_CREATE', 's': 2, 'op': 0, 'd': {'region': 'us-west', 'vanity_url_code': None, 'afk_channel_id': None, 'default_message_notifications': 0, 'system_channel_flags': 0, 'joined_at': '2020-09-01T12:25:46.464474+00:00', 'explicit_content_filter': 0, 'icon': None, 'channels': [{'type': 4, 'position': 0, 'permission_overwrites': [], 'name': 'Text Channels', 'id': '750319399839465513'}, {'type': 4, 'position': 0, 'permission_overwrites': [], 'name': 'Voice Channels', 'id': '750319399839465514'}, {'type': 0, 'topic': None, 'rate_limit_per_user': 0, 'position': 0, 'permission_overwrites': [], 'parent_id': '750319399839465513', 'nsfw': False, 'name': 'general', 'last_message_id': '750344562358223049', 'id': '750319399839465515'}, {'user_limit': 0, 'type': 2, 'position': 0, 'permission_overwrites': [], 'parent_id': '750319399839465514', 'name': 'General', 'id': '750319399839465516', 'bitrate': 64000}, {'type': 0, 'topic': None, 'rate_limit_per_user': 0, 'position': 1, 'permission_overwrites': [], 'parent_id': '750319399839465513', 'nsfw': False, 'name': 'oh-default', 'last_message_id': '750353005974650960', 'id': '750344562752487495'}, {'type': 0, 'topic': None, 'rate_limit_per_user': 0, 'position': 2, 'permission_overwrites': [], 'parent_id': '750319399839465513', 'nsfw': False, 'name': 'bot-voice', 'last_message_id': None, 'id': '750354502137282641'}], 'verification_level': 0, 'roles': [{'position': 0, 'permissions_new': '104320577', 'permissions': 104320577, 'name': '@everyone', 'mentionable': False, 'managed': False, 'id': '750319399839465512', 'hoist': False, 'color': 0}, {'tags': {'bot_id': '750316942921039913'}, 'position': 1, 'permissions_new': '8', 'permissions': 8, 'name': 'TempMon', 'mentionable': False, 'managed': True, 'id': '750330561939111997', 'hoist': False, 'color': 0}, {'position': 2, 'permissions_new': '1610084223', 'permissions': 1610084223, 'name': 'admin', 'mentionable': True, 'managed': False, 'id': '750341519873147010', 'hoist': True, 'color': 3066993}], 'emojis': [], 'name': 'cubic', 'application_id': None, 'lazy': True, 'owner_id': '584844490527997964', 'splash': None, 'presences': [{'user': {'id': '584844490527997964'}, 'status': 'online', 'game': None, 'client_status': {'desktop': 'online'}, 'activities': []}, {'user': {'id': '750316942921039913'}, 'status': 'online', 'game': None, 'client_status': {'web': 'online'}, 'activities': []}], 'large': False, 'rules_channel_id': None, 'max_video_channel_users': 25, 'premium_tier': 0, 'member_count': 2, 'public_updates_channel_id': None, 'premium_subscription_count': 0, 'afk_timeout': 300, 'unavailable': False, 'members': [{'user': {'username': 'cubic_unit', 'id': '584844490527997964', 'discriminator': '7275', 'avatar': '0b1844aa431aac554cc2eb445f44ba00'}, 'roles': ['750341519873147010'], 'premium_since': None, 'nick': None, 'mute': False, 'joined_at': '2020-09-01T11:41:25.185000+00:00', 'hoisted_role': '750341519873147010', 'deaf': False}, {'user': {'username': 'TempMon', 'id': '750316942921039913', 'discriminator': '2939', 'bot': True, 'avatar': '196e066ddc6592bd00f28701af09a1f0'}, 'roles': ['750330561939111997'], 'premium_since': None, 'nick': None, 'mute': False, 'joined_at': '2020-09-01T12:25:46.464474+00:00', 'hoisted_role': None, 'deaf': False}], 'mfa_level': 0, 'system_channel_id': '750319399839465515', 'features': [], 'preferred_locale': 'en-US', 'id': '750319399839465512', 'discovery_splash': None, 'description': None, 'voice_states': [], 'guild_hashes': {'version': 1, 'roles': {'omitted': False, 'hash': 'RKuWmXF1oNE'}, 'metadata': {'omitted': False, 'hash': 'wNnPfqRVLBw'}, 'channels': {'omitted': False, 'hash': 'ieQQ90sbFgU'}}, 'banner': None}}
2020-09-01 08:20:18,413:DEBUG:discord.client: Dispatching event socket_response
2020-09-01 08:20:18,414:DEBUG:discord.client: Dispatching event guild_available
2020-09-01 08:20:20,417:DEBUG:discord.client: Dispatching event ready
2020-09-01 08:20:59,552:DEBUG:discord.gateway: Keeping shard ID None websocket alive with sequence 2.
2020-09-01 08:20:59,553:DEBUG:discord.client: Dispatching event socket_raw_send
2020-09-01 08:20:59,631:DEBUG:discord.client: Dispatching event socket_raw_receive
2020-09-01 08:20:59,631:DEBUG:discord.gateway: For Shard ID None: WebSocket Event: {'t': None, 's': None, 'op': 11, 'd': None}
2020-09-01 08:20:59,632:DEBUG:discord.client: Dispatching event socket_response
2020-09-01 08:21:40,811:DEBUG:discord.gateway: Keeping shard ID None websocket alive with sequence 2.
2020-09-01 08:21:40,811:DEBUG:discord.client: Dispatching event socket_raw_send
2020-09-01 08:21:40,883:DEBUG:discord.client: Dispatching event socket_raw_receive
2020-09-01 08:21:40,883:DEBUG:discord.gateway: For Shard ID None: WebSocket Event: {'t': None, 's': None, 'op': 11, 'd': None}
2020-09-01 08:21:40,884:DEBUG:discord.client: Dispatching event socket_response
2020-09-01 08:22:22,068:DEBUG:discord.gateway: Keeping shard ID None websocket alive with sequence 2.
2020-09-01 08:22:22,068:DEBUG:discord.client: Dispatching event socket_raw_send
2020-09-01 08:22:22,142:DEBUG:discord.client: Dispatching event socket_raw_receive
2020-09-01 08:22:22,142:DEBUG:discord.gateway: For Shard ID None: WebSocket Event: {'t': None, 's': None, 'op': 11, 'd': None}
2020-09-01 08:22:22,142:DEBUG:discord.client: Dispatching event socket_response
2020-09-01 08:22:54,739:INFO:discord.client: Received signal to terminate bot and event loop.
2020-09-01 08:22:54,739:INFO:discord.client: Cleaning up tasks.
2020-09-01 08:22:54,740:INFO:discord.client: Cleaning up after 1 tasks.
2020-09-01 08:22:54,763:INFO:discord.client: All tasks finished cancelling.
2020-09-01 08:22:54,763:INFO:discord.client: Closing the event loop.
2020-09-01 08:22:58,207:WARNING:discord.client: PyNaCl is not installed, voice will NOT be supported
2020-09-01 08:22:58,215:DEBUG:discord.client: on_command_error has successfully been registered as an event
2020-09-01 08:22:58,215:DEBUG:discord.client: on_ready has successfully been registered as an event
2020-09-01 08:22:58,215:DEBUG:discord.client: on_message has successfully been registered as an event
2020-09-01 08:22:58,215:DEBUG:discord.client: on_error has successfully been registered as an event
2020-09-01 08:22:58,216:INFO:discord.client: logging in using static token
2020-09-01 08:22:58,434:DEBUG:discord.http: GET https://discord.com/api/v7/users/@me with None has returned 200
2020-09-01 08:22:58,434:DEBUG:discord.http: GET https://discord.com/api/v7/users/@me has received {'id': '750316942921039913', 'username': 'TempMon', 'avatar': '196e066ddc6592bd00f28701af09a1f0', 'discriminator': '2939', 'public_flags': 0, 'flags': 0, 'bot': True, 'email': None, 'verified': True, 'locale': 'en-US', 'mfa_enabled': True}
2020-09-01 08:22:58,464:DEBUG:discord.http: GET https://discord.com/api/v7/gateway with None has returned 200
2020-09-01 08:22:58,464:DEBUG:discord.http: GET https://discord.com/api/v7/gateway has received {'url': 'wss://gateway.discord.gg'}
2020-09-01 08:22:58,624:DEBUG:discord.gateway: Created websocket connected to wss://gateway.discord.gg?encoding=json&v=6&compress=zlib-stream
2020-09-01 08:22:58,624:DEBUG:discord.client: Dispatching event socket_raw_receive
2020-09-01 08:22:58,624:DEBUG:discord.gateway: For Shard ID None: WebSocket Event: {'t': None, 's': None, 'op': 10, 'd': {'heartbeat_interval': 41250, '_trace': ['["gateway-prd-main-vmch",{"micros":0.0}]']}}
2020-09-01 08:22:58,624:DEBUG:discord.client: Dispatching event socket_response
2020-09-01 08:22:58,624:DEBUG:discord.client: Dispatching event socket_raw_send
2020-09-01 08:22:58,625:DEBUG:discord.client: Dispatching event socket_raw_send
2020-09-01 08:22:58,625:INFO:discord.gateway: Shard ID None has sent the IDENTIFY payload.
2020-09-01 08:22:58,695:DEBUG:discord.client: Dispatching event socket_raw_receive
2020-09-01 08:22:58,696:DEBUG:discord.gateway: For Shard ID None: WebSocket Event: {'t': None, 's': None, 'op': 11, 'd': None}
2020-09-01 08:22:58,696:DEBUG:discord.client: Dispatching event socket_response
2020-09-01 08:22:58,786:DEBUG:discord.client: Dispatching event socket_raw_receive
2020-09-01 08:22:58,786:DEBUG:discord.gateway: For Shard ID None: WebSocket Event: {'t': 'READY', 's': 1, 'op': 0, 'd': {'v': 6, 'user_settings': {}, 'user': {'verified': True, 'username': 'TempMon', 'mfa_enabled': True, 'id': '750316942921039913', 'flags': 0, 'email': None, 'discriminator': '2939', 'bot': True, 'avatar': '196e066ddc6592bd00f28701af09a1f0'}, 'session_id': '8fcd6da1b1cedd02a0dda8412f7d6399', 'relationships': [], 'private_channels': [], 'presences': [], 'guilds': [{'unavailable': True, 'id': '750319399839465512'}], 'application': {'id': '750316942921039913', 'flags': 0}, '_trace': ['["gateway-prd-main-vmch",{"micros":88677,"calls":["discord-sessions-prd-2-11",{"micros":85468,"calls":["start_session",{"micros":73269,"calls":["api-prd-main-htz6",{"micros":69432,"calls":["get_user",{"micros":3411},"add_authorized_ip",{"micros":2830},"get_guilds",{"micros":7097},"coros_wait",{"micros":1}]}]},"guilds_connect",{"micros":2,"calls":[]},"presence_connect",{"micros":6469,"calls":[]}]}]}]']}}
2020-09-01 08:22:58,786:DEBUG:discord.client: Dispatching event socket_response
2020-09-01 08:22:58,786:INFO:discord.gateway: Shard ID None has connected to Gateway: ["gateway-prd-main-vmch",{"micros":88677,"calls":["discord-sessions-prd-2-11",{"micros":85468,"calls":["start_session",{"micros":73269,"calls":["api-prd-main-htz6",{"micros":69432,"calls":["get_user",{"micros":3411},"add_authorized_ip",{"micros":2830},"get_guilds",{"micros":7097},"coros_wait",{"micros":1}]}]},"guilds_connect",{"micros":2,"calls":[]},"presence_connect",{"micros":6469,"calls":[]}]}]}] (Session ID: 8fcd6da1b1cedd02a0dda8412f7d6399).
2020-09-01 08:22:58,799:DEBUG:discord.client: Dispatching event connect
2020-09-01 08:22:58,799:DEBUG:discord.client: Dispatching event socket_raw_receive
2020-09-01 08:22:58,799:DEBUG:discord.gateway: For Shard ID None: WebSocket Event: {'t': 'GUILD_CREATE', 's': 2, 'op': 0, 'd': {'channels': [{'type': 4, 'position': 0, 'permission_overwrites': [], 'name': 'Text Channels', 'id': '750319399839465513'}, {'type': 4, 'position': 0, 'permission_overwrites': [], 'name': 'Voice Channels', 'id': '750319399839465514'}, {'type': 0, 'topic': None, 'rate_limit_per_user': 0, 'position': 0, 'permission_overwrites': [], 'parent_id': '750319399839465513', 'nsfw': False, 'name': 'general', 'last_message_id': '750344562358223049', 'id': '750319399839465515'}, {'user_limit': 0, 'type': 2, 'position': 0, 'permission_overwrites': [], 'parent_id': '750319399839465514', 'name': 'General', 'id': '750319399839465516', 'bitrate': 64000}, {'type': 0, 'topic': None, 'rate_limit_per_user': 0, 'position': 1, 'permission_overwrites': [], 'parent_id': '750319399839465513', 'nsfw': False, 'name': 'oh-default', 'last_message_id': '750353005974650960', 'id': '750344562752487495'}, {'type': 0, 'topic': None, 'rate_limit_per_user': 0, 'position': 2, 'permission_overwrites': [], 'parent_id': '750319399839465513', 'nsfw': False, 'name': 'bot-voice', 'last_message_id': None, 'id': '750354502137282641'}], 'member_count': 2, 'afk_channel_id': None, 'premium_subscription_count': 0, 'system_channel_flags': 0, 'voice_states': [], 'preferred_locale': 'en-US', 'default_message_notifications': 0, 'max_video_channel_users': 25, 'rules_channel_id': None, 'system_channel_id': '750319399839465515', 'owner_id': '584844490527997964', 'guild_hashes': {'version': 1, 'roles': {'omitted': False, 'hash': 'RKuWmXF1oNE'}, 'metadata': {'omitted': False, 'hash': 'wNnPfqRVLBw'}, 'channels': {'omitted': False, 'hash': 'ieQQ90sbFgU'}}, 'banner': None, 'explicit_content_filter': 0, 'unavailable': False, 'name': 'cubic', 'icon': None, 'premium_tier': 0, 'verification_level': 0, 'features': [], 'public_updates_channel_id': None, 'emojis': [], 'splash': None, 'region': 'us-west', 'afk_timeout': 300, 'mfa_level': 0, 'lazy': True, 'members': [{'user': {'username': 'cubic_unit', 'id': '584844490527997964', 'discriminator': '7275', 'avatar': '0b1844aa431aac554cc2eb445f44ba00'}, 'roles': ['750341519873147010'], 'premium_since': None, 'nick': None, 'mute': False, 'joined_at': '2020-09-01T11:41:25.185000+00:00', 'hoisted_role': '750341519873147010', 'deaf': False}, {'user': {'username': 'TempMon', 'id': '750316942921039913', 'discriminator': '2939', 'bot': True, 'avatar': '196e066ddc6592bd00f28701af09a1f0'}, 'roles': ['750330561939111997'], 'premium_since': None, 'nick': None, 'mute': False, 'joined_at': '2020-09-01T12:25:46.464474+00:00', 'hoisted_role': None, 'deaf': False}], 'discovery_splash': None, 'roles': [{'position': 0, 'permissions_new': '104320577', 'permissions': 104320577, 'name': '@everyone', 'mentionable': False, 'managed': False, 'id': '750319399839465512', 'hoist': False, 'color': 0}, {'tags': {'bot_id': '750316942921039913'}, 'position': 1, 'permissions_new': '8', 'permissions': 8, 'name': 'TempMon', 'mentionable': False, 'managed': True, 'id': '750330561939111997', 'hoist': False, 'color': 0}, {'position': 2, 'permissions_new': '1610084223', 'permissions': 1610084223, 'name': 'admin', 'mentionable': True, 'managed': False, 'id': '750341519873147010', 'hoist': True, 'color': 3066993}], 'presences': [{'user': {'id': '584844490527997964'}, 'status': 'online', 'game': None, 'client_status': {'desktop': 'online'}, 'activities': []}, {'user': {'id': '750316942921039913'}, 'status': 'online', 'game': None, 'client_status': {'web': 'online'}, 'activities': []}], 'joined_at': '2020-09-01T12:25:46.464474+00:00', 'vanity_url_code': None, 'large': False, 'application_id': None, 'id': '750319399839465512', 'description': None}}
2020-09-01 08:22:58,800:DEBUG:discord.client: Dispatching event socket_response
2020-09-01 08:22:58,800:DEBUG:discord.client: Dispatching event guild_available
2020-09-01 08:23:00,812:DEBUG:discord.client: Dispatching event ready
2020-09-01 08:23:39,889:DEBUG:discord.gateway: Keeping shard ID None websocket alive with sequence 2.
2020-09-01 08:23:39,889:DEBUG:discord.client: Dispatching event socket_raw_send
2020-09-01 08:23:39,959:DEBUG:discord.client: Dispatching event socket_raw_receive
2020-09-01 08:23:39,959:DEBUG:discord.gateway: For Shard ID None: WebSocket Event: {'t': None, 's': None, 'op': 11, 'd': None}
2020-09-01 08:23:39,959:DEBUG:discord.client: Dispatching event socket_response
2020-09-01 08:24:21,148:DEBUG:discord.gateway: Keeping shard ID None websocket alive with sequence 2.
2020-09-01 08:24:21,149:DEBUG:discord.client: Dispatching event socket_raw_send
2020-09-01 08:24:21,217:DEBUG:discord.client: Dispatching event socket_raw_receive
2020-09-01 08:24:21,218:DEBUG:discord.gateway: For Shard ID None: WebSocket Event: {'t': None, 's': None, 'op': 11, 'd': None}
2020-09-01 08:24:21,218:DEBUG:discord.client: Dispatching event socket_response
2020-09-01 08:25:02,404:DEBUG:discord.gateway: Keeping shard ID None websocket alive with sequence 2.
2020-09-01 08:25:02,404:DEBUG:discord.client: Dispatching event socket_raw_send
2020-09-01 08:25:02,474:DEBUG:discord.client: Dispatching event socket_raw_receive
2020-09-01 08:25:02,474:DEBUG:discord.gateway: For Shard ID None: WebSocket Event: {'t': None, 's': None, 'op': 11, 'd': None}
2020-09-01 08:25:02,474:DEBUG:discord.client: Dispatching event socket_response
2020-09-01 08:25:43,659:DEBUG:discord.gateway: Keeping shard ID None websocket alive with sequence 2.
2020-09-01 08:25:43,660:DEBUG:discord.client: Dispatching event socket_raw_send
2020-09-01 08:25:43,730:DEBUG:discord.client: Dispatching event socket_raw_receive
2020-09-01 08:25:43,730:DEBUG:discord.gateway: For Shard ID None: WebSocket Event: {'t': None, 's': None, 'op': 11, 'd': None}
2020-09-01 08:25:43,730:DEBUG:discord.client: Dispatching event socket_response
2020-09-01 08:25:51,286:INFO:discord.client: Received signal to terminate bot and event loop.
2020-09-01 08:25:51,286:INFO:discord.client: Cleaning up tasks.
2020-09-01 08:25:51,286:INFO:discord.client: Cleaning up after 1 tasks.
2020-09-01 08:25:51,302:INFO:discord.client: All tasks finished cancelling.
2020-09-01 08:25:51,302:INFO:discord.client: Closing the event loop.
2020-09-01 08:25:52,837:WARNING:discord.client: PyNaCl is not installed, voice will NOT be supported
2020-09-01 08:25:52,848:DEBUG:discord.client: on_command_error has successfully been registered as an event
2020-09-01 08:25:52,848:DEBUG:discord.client: on_ready has successfully been registered as an event
2020-09-01 08:25:52,848:DEBUG:discord.client: on_message has successfully been registered as an event
2020-09-01 08:25:52,848:DEBUG:discord.client: on_error has successfully been registered as an event
2020-09-01 08:25:52,848:INFO:discord.client: logging in using static token
2020-09-01 08:25:53,077:DEBUG:discord.http: GET https://discord.com/api/v7/users/@me with None has returned 200
2020-09-01 08:25:53,077:DEBUG:discord.http: GET https://discord.com/api/v7/users/@me has received {'id': '750316942921039913', 'username': 'TempMon', 'avatar': '196e066ddc6592bd00f28701af09a1f0', 'discriminator': '2939', 'public_flags': 0, 'flags': 0, 'bot': True, 'email': None, 'verified': True, 'locale': 'en-US', 'mfa_enabled': True}
2020-09-01 08:25:53,103:DEBUG:discord.http: GET https://discord.com/api/v7/gateway with None has returned 200
2020-09-01 08:25:53,103:DEBUG:discord.http: GET https://discord.com/api/v7/gateway has received {'url': 'wss://gateway.discord.gg'}
2020-09-01 08:25:53,261:DEBUG:discord.gateway: Created websocket connected to wss://gateway.discord.gg?encoding=json&v=6&compress=zlib-stream
2020-09-01 08:25:53,261:DEBUG:discord.client: Dispatching event socket_raw_receive
2020-09-01 08:25:53,261:DEBUG:discord.gateway: For Shard ID None: WebSocket Event: {'t': None, 's': None, 'op': 10, 'd': {'heartbeat_interval': 41250, '_trace': ['["gateway-prd-main-ht2s",{"micros":0.0}]']}}
2020-09-01 08:25:53,261:DEBUG:discord.client: Dispatching event socket_response
2020-09-01 08:25:53,261:DEBUG:discord.client: Dispatching event socket_raw_send
2020-09-01 08:25:53,262:DEBUG:discord.client: Dispatching event socket_raw_send
2020-09-01 08:25:53,262:INFO:discord.gateway: Shard ID None has sent the IDENTIFY payload.
2020-09-01 08:25:53,332:DEBUG:discord.client: Dispatching event socket_raw_receive
2020-09-01 08:25:53,332:DEBUG:discord.gateway: For Shard ID None: WebSocket Event: {'t': None, 's': None, 'op': 11, 'd': None}
2020-09-01 08:25:53,332:DEBUG:discord.client: Dispatching event socket_response
2020-09-01 08:25:53,390:DEBUG:discord.client: Dispatching event socket_raw_receive
2020-09-01 08:25:53,391:DEBUG:discord.gateway: For Shard ID None: WebSocket Event: {'t': 'READY', 's': 1, 'op': 0, 'd': {'v': 6, 'user_settings': {}, 'user': {'verified': True, 'username': 'TempMon', 'mfa_enabled': True, 'id': '750316942921039913', 'flags': 0, 'email': None, 'discriminator': '2939', 'bot': True, 'avatar': '196e066ddc6592bd00f28701af09a1f0'}, 'session_id': '04d427f7da5cb0063d8c270cd457f837', 'relationships': [], 'private_channels': [], 'presences': [], 'guilds': [{'unavailable': True, 'id': '750319399839465512'}], 'application': {'id': '750316942921039913', 'flags': 0}, '_trace': ['["gateway-prd-main-ht2s",{"micros":51481,"calls":["discord-sessions-prd-2-37",{"micros":49288,"calls":["start_session",{"micros":44235,"calls":["api-prd-main-w1c1",{"micros":39963,"calls":["get_user",{"micros":2597},"add_authorized_ip",{"micros":3279},"get_guilds",{"micros":1800},"coros_wait",{"micros":2}]}]},"guilds_connect",{"micros":1,"calls":[]},"presence_connect",{"micros":2769,"calls":[]}]}]}]']}}
2020-09-01 08:25:53,391:DEBUG:discord.client: Dispatching event socket_response
2020-09-01 08:25:53,391:INFO:discord.gateway: Shard ID None has connected to Gateway: ["gateway-prd-main-ht2s",{"micros":51481,"calls":["discord-sessions-prd-2-37",{"micros":49288,"calls":["start_session",{"micros":44235,"calls":["api-prd-main-w1c1",{"micros":39963,"calls":["get_user",{"micros":2597},"add_authorized_ip",{"micros":3279},"get_guilds",{"micros":1800},"coros_wait",{"micros":2}]}]},"guilds_connect",{"micros":1,"calls":[]},"presence_connect",{"micros":2769,"calls":[]}]}]}] (Session ID: 04d427f7da5cb0063d8c270cd457f837).
2020-09-01 08:25:53,397:DEBUG:discord.client: Dispatching event connect
2020-09-01 08:25:53,397:DEBUG:discord.client: Dispatching event socket_raw_receive
2020-09-01 08:25:53,398:DEBUG:discord.gateway: For Shard ID None: WebSocket Event: {'t': 'GUILD_CREATE', 's': 2, 'op': 0, 'd': {'premium_subscription_count': 0, 'unavailable': False, 'verification_level': 0, 'rules_channel_id': None, 'max_video_channel_users': 25, 'afk_channel_id': None, 'channels': [{'type': 4, 'position': 0, 'permission_overwrites': [], 'name': 'Text Channels', 'id': '750319399839465513'}, {'type': 4, 'position': 0, 'permission_overwrites': [], 'name': 'Voice Channels', 'id': '750319399839465514'}, {'type': 0, 'topic': None, 'rate_limit_per_user': 0, 'position': 0, 'permission_overwrites': [], 'parent_id': '750319399839465513', 'nsfw': False, 'name': 'general', 'last_message_id': '750344562358223049', 'id': '750319399839465515'}, {'user_limit': 0, 'type': 2, 'position': 0, 'permission_overwrites': [], 'parent_id': '750319399839465514', 'name': 'General', 'id': '750319399839465516', 'bitrate': 64000}, {'type': 0, 'topic': None, 'rate_limit_per_user': 0, 'position': 1, 'permission_overwrites': [], 'parent_id': '750319399839465513', 'nsfw': False, 'name': 'oh-default', 'last_message_id': '750353005974650960', 'id': '750344562752487495'}, {'type': 0, 'topic': None, 'rate_limit_per_user': 0, 'position': 2, 'permission_overwrites': [], 'parent_id': '750319399839465513', 'nsfw': False, 'name': 'bot-voice', 'last_message_id': None, 'id': '750354502137282641'}], 'voice_states': [], 'lazy': True, 'application_id': None, 'discovery_splash': None, 'system_channel_id': '750319399839465515', 'joined_at': '2020-09-01T12:25:46.464474+00:00', 'members': [{'user': {'username': 'cubic_unit', 'id': '584844490527997964', 'discriminator': '7275', 'avatar': '0b1844aa431aac554cc2eb445f44ba00'}, 'roles': ['750341519873147010'], 'premium_since': None, 'nick': None, 'mute': False, 'joined_at': '2020-09-01T11:41:25.185000+00:00', 'hoisted_role': '750341519873147010', 'deaf': False}, {'user': {'username': 'TempMon', 'id': '750316942921039913', 'discriminator': '2939', 'bot': True, 'avatar': '196e066ddc6592bd00f28701af09a1f0'}, 'roles': ['750330561939111997'], 'premium_since': None, 'nick': None, 'mute': False, 'joined_at': '2020-09-01T12:25:46.464474+00:00', 'hoisted_role': None, 'deaf': False}], 'name': 'cubic', 'guild_hashes': {'version': 1, 'roles': {'omitted': False, 'hash': 'RKuWmXF1oNE'}, 'metadata': {'omitted': False, 'hash': 'wNnPfqRVLBw'}, 'channels': {'omitted': False, 'hash': 'ieQQ90sbFgU'}}, 'mfa_level': 0, 'features': [], 'roles': [{'position': 0, 'permissions_new': '104320577', 'permissions': 104320577, 'name': '@everyone', 'mentionable': False, 'managed': False, 'id': '750319399839465512', 'hoist': False, 'color': 0}, {'tags': {'bot_id': '750316942921039913'}, 'position': 1, 'permissions_new': '8', 'permissions': 8, 'name': 'TempMon', 'mentionable': False, 'managed': True, 'id': '750330561939111997', 'hoist': False, 'color': 0}, {'position': 2, 'permissions_new': '1610084223', 'permissions': 1610084223, 'name': 'admin', 'mentionable': True, 'managed': False, 'id': '750341519873147010', 'hoist': True, 'color': 3066993}], 'presences': [{'user': {'id': '584844490527997964'}, 'status': 'online', 'game': None, 'client_status': {'desktop': 'online'}, 'activities': []}, {'user': {'id': '750316942921039913'}, 'status': 'online', 'game': None, 'client_status': {'web': 'online'}, 'activities': []}], 'preferred_locale': 'en-US', 'emojis': [], 'splash': None, 'icon': None, 'large': False, 'region': 'us-west', 'system_channel_flags': 0, 'member_count': 2, 'vanity_url_code': None, 'explicit_content_filter': 0, 'default_message_notifications': 0, 'public_updates_channel_id': None, 'owner_id': '584844490527997964', 'id': '750319399839465512', 'banner': None, 'afk_timeout': 300, 'description': None, 'premium_tier': 0}}
2020-09-01 08:25:53,398:DEBUG:discord.client: Dispatching event socket_response
2020-09-01 08:25:53,398:DEBUG:discord.client: Dispatching event guild_available
2020-09-01 08:25:55,410:DEBUG:discord.client: Dispatching event ready
2020-09-01 08:26:09,356:INFO:discord.client: Received signal to terminate bot and event loop.
2020-09-01 08:26:09,356:INFO:discord.client: Cleaning up tasks.
2020-09-01 08:26:09,356:INFO:discord.client: Cleaning up after 1 tasks.
2020-09-01 08:26:09,371:INFO:discord.client: All tasks finished cancelling.
2020-09-01 08:26:09,371:INFO:discord.client: Closing the event loop.
2020-09-01 08:26:10,937:WARNING:discord.client: PyNaCl is not installed, voice will NOT be supported
2020-09-01 08:26:10,944:DEBUG:discord.client: on_command_error has successfully been registered as an event
2020-09-01 08:26:10,945:DEBUG:discord.client: on_ready has successfully been registered as an event
2020-09-01 08:26:10,945:DEBUG:discord.client: on_message has successfully been registered as an event
2020-09-01 08:26:10,945:DEBUG:discord.client: on_error has successfully been registered as an event
2020-09-01 08:26:10,945:INFO:discord.client: logging in using static token
2020-09-01 08:26:11,164:DEBUG:discord.http: GET https://discord.com/api/v7/users/@me with None has returned 200
2020-09-01 08:26:11,164:DEBUG:discord.http: GET https://discord.com/api/v7/users/@me has received {'id': '750316942921039913', 'username': 'TempMon', 'avatar': '196e066ddc6592bd00f28701af09a1f0', 'discriminator': '2939', 'public_flags': 0, 'flags': 0, 'bot': True, 'email': None, 'verified': True, 'locale': 'en-US', 'mfa_enabled': True}
2020-09-01 08:26:11,188:DEBUG:discord.http: GET https://discord.com/api/v7/gateway with None has returned 200
2020-09-01 08:26:11,188:DEBUG:discord.http: GET https://discord.com/api/v7/gateway has received {'url': 'wss://gateway.discord.gg'}
2020-09-01 08:26:11,342:DEBUG:discord.gateway: Created websocket connected to wss://gateway.discord.gg?encoding=json&v=6&compress=zlib-stream
2020-09-01 08:26:11,342:DEBUG:discord.client: Dispatching event socket_raw_receive
2020-09-01 08:26:11,343:DEBUG:discord.gateway: For Shard ID None: WebSocket Event: {'t': None, 's': None, 'op': 10, 'd': {'heartbeat_interval': 41250, '_trace': ['["gateway-prd-main-r46s",{"micros":0.0}]']}}
2020-09-01 08:26:11,343:DEBUG:discord.client: Dispatching event socket_response
2020-09-01 08:26:11,343:DEBUG:discord.client: Dispatching event socket_raw_send
2020-09-01 08:26:11,343:DEBUG:discord.client: Dispatching event socket_raw_send
2020-09-01 08:26:11,343:INFO:discord.gateway: Shard ID None has sent the IDENTIFY payload.
2020-09-01 08:26:11,413:DEBUG:discord.client: Dispatching event socket_raw_receive
2020-09-01 08:26:11,413:DEBUG:discord.gateway: For Shard ID None: WebSocket Event: {'t': None, 's': None, 'op': 11, 'd': None}
2020-09-01 08:26:11,413:DEBUG:discord.client: Dispatching event socket_response
2020-09-01 08:26:11,466:DEBUG:discord.client: Dispatching event socket_raw_receive
2020-09-01 08:26:11,466:DEBUG:discord.gateway: For Shard ID None: WebSocket Event: {'t': 'READY', 's': 1, 'op': 0, 'd': {'v': 6, 'user_settings': {}, 'user': {'verified': True, 'username': 'TempMon', 'mfa_enabled': True, 'id': '750316942921039913', 'flags': 0, 'email': None, 'discriminator': '2939', 'bot': True, 'avatar': '196e066ddc6592bd00f28701af09a1f0'}, 'session_id': 'a0c9b65eeb06f451ade5346729ff4da1', 'relationships': [], 'private_channels': [], 'presences': [], 'guilds': [{'unavailable': True, 'id': '750319399839465512'}], 'application': {'id': '750316942921039913', 'flags': 0}, '_trace': ['["gateway-prd-main-r46s",{"micros":52617,"calls":["discord-sessions-prd-2-52",{"micros":51168,"calls":["start_session",{"micros":48009,"calls":["api-prd-main-vr81",{"micros":45653,"calls":["get_user",{"micros":5963},"add_authorized_ip",{"micros":2570},"get_guilds",{"micros":1877},"coros_wait",{"micros":0}]}]},"guilds_connect",{"micros":2,"calls":[]},"presence_connect",{"micros":464,"calls":[]}]}]}]']}}
2020-09-01 08:26:11,467:DEBUG:discord.client: Dispatching event socket_response
2020-09-01 08:26:11,467:INFO:discord.gateway: Shard ID None has connected to Gateway: ["gateway-prd-main-r46s",{"micros":52617,"calls":["discord-sessions-prd-2-52",{"micros":51168,"calls":["start_session",{"micros":48009,"calls":["api-prd-main-vr81",{"micros":45653,"calls":["get_user",{"micros":5963},"add_authorized_ip",{"micros":2570},"get_guilds",{"micros":1877},"coros_wait",{"micros":0}]}]},"guilds_connect",{"micros":2,"calls":[]},"presence_connect",{"micros":464,"calls":[]}]}]}] (Session ID: a0c9b65eeb06f451ade5346729ff4da1).
2020-09-01 08:26:11,474:DEBUG:discord.client: Dispatching event connect
2020-09-01 08:26:11,475:DEBUG:discord.client: Dispatching event socket_raw_receive
2020-09-01 08:26:11,475:DEBUG:discord.gateway: For Shard ID None: WebSocket Event: {'t': 'GUILD_CREATE', 's': 2, 'op': 0, 'd': {'channels': [{'type': 4, 'position': 0, 'permission_overwrites': [], 'name': 'Text Channels', 'id': '750319399839465513'}, {'type': 4, 'position': 0, 'permission_overwrites': [], 'name': 'Voice Channels', 'id': '750319399839465514'}, {'type': 0, 'topic': None, 'rate_limit_per_user': 0, 'position': 0, 'permission_overwrites': [], 'parent_id': '750319399839465513', 'nsfw': False, 'name': 'general', 'last_message_id': '750344562358223049', 'id': '750319399839465515'}, {'user_limit': 0, 'type': 2, 'position': 0, 'permission_overwrites': [], 'parent_id': '750319399839465514', 'name': 'General', 'id': '750319399839465516', 'bitrate': 64000}, {'type': 0, 'topic': None, 'rate_limit_per_user': 0, 'position': 1, 'permission_overwrites': [], 'parent_id': '750319399839465513', 'nsfw': False, 'name': 'oh-default', 'last_message_id': '750353005974650960', 'id': '750344562752487495'}, {'type': 0, 'topic': None, 'rate_limit_per_user': 0, 'position': 2, 'permission_overwrites': [], 'parent_id': '750319399839465513', 'nsfw': False, 'name': 'bot-voice', 'last_message_id': None, 'id': '750354502137282641'}], 'afk_timeout': 300, 'system_channel_id': '750319399839465515', 'premium_subscription_count': 0, 'large': False, 'vanity_url_code': None, 'banner': None, 'icon': None, 'unavailable': False, 'application_id': None, 'lazy': True, 'verification_level': 0, 'preferred_locale': 'en-US', 'roles': [{'position': 0, 'permissions_new': '104320577', 'permissions': 104320577, 'name': '@everyone', 'mentionable': False, 'managed': False, 'id': '750319399839465512', 'hoist': False, 'color': 0}, {'tags': {'bot_id': '750316942921039913'}, 'position': 1, 'permissions_new': '8', 'permissions': 8, 'name': 'TempMon', 'mentionable': False, 'managed': True, 'id': '750330561939111997', 'hoist': False, 'color': 0}, {'position': 2, 'permissions_new': '1610084223', 'permissions': 1610084223, 'name': 'admin', 'mentionable': True, 'managed': False, 'id': '750341519873147010', 'hoist': True, 'color': 3066993}], 'name': 'cubic', 'discovery_splash': None, 'default_message_notifications': 0, 'features': [], 'public_updates_channel_id': None, 'mfa_level': 0, 'afk_channel_id': None, 'max_video_channel_users': 25, 'presences': [{'user': {'id': '584844490527997964'}, 'status': 'online', 'game': None, 'client_status': {'desktop': 'online'}, 'activities': []}, {'user': {'id': '750316942921039913'}, 'status': 'online', 'game': None, 'client_status': {'web': 'online'}, 'activities': []}], 'premium_tier': 0, 'members': [{'user': {'username': 'cubic_unit', 'id': '584844490527997964', 'discriminator': '7275', 'avatar': '0b1844aa431aac554cc2eb445f44ba00'}, 'roles': ['750341519873147010'], 'premium_since': None, 'nick': None, 'mute': False, 'joined_at': '2020-09-01T11:41:25.185000+00:00', 'hoisted_role': '750341519873147010', 'deaf': False}, {'user': {'username': 'TempMon', 'id': '750316942921039913', 'discriminator': '2939', 'bot': True, 'avatar': '196e066ddc6592bd00f28701af09a1f0'}, 'roles': ['750330561939111997'], 'premium_since': None, 'nick': None, 'mute': False, 'joined_at': '2020-09-01T12:25:46.464474+00:00', 'hoisted_role': None, 'deaf': False}], 'joined_at': '2020-09-01T12:25:46.464474+00:00', 'member_count': 2, 'explicit_content_filter': 0, 'emojis': [], 'owner_id': '584844490527997964', 'rules_channel_id': None, 'guild_hashes': {'version': 1, 'roles': {'omitted': False, 'hash': 'RKuWmXF1oNE'}, 'metadata': {'omitted': False, 'hash': 'wNnPfqRVLBw'}, 'channels': {'omitted': False, 'hash': 'ieQQ90sbFgU'}}, 'region': 'us-west', 'id': '750319399839465512', 'system_channel_flags': 0, 'description': None, 'voice_states': [], 'splash': None}}
2020-09-01 08:26:11,475:DEBUG:discord.client: Dispatching event socket_response
2020-09-01 08:26:11,476:DEBUG:discord.client: Dispatching event guild_available
2020-09-01 08:26:13,482:DEBUG:discord.client: Dispatching event ready
2020-09-01 08:26:20,404:DEBUG:discord.client: Dispatching event socket_raw_receive
2020-09-01 08:26:20,404:DEBUG:discord.gateway: For Shard ID None: WebSocket Event: {'t': 'TYPING_START', 's': 3, 'op': 0, 'd': {'user_id': '584844490527997964', 'timestamp': 1598970379, 'member': {'user': {'username': 'cubic_unit', 'id': '584844490527997964', 'discriminator': '7275', 'avatar': '0b1844aa431aac554cc2eb445f44ba00'}, 'roles': ['750341519873147010'], 'premium_since': None, 'nick': None, 'mute': False, 'joined_at': '2020-09-01T11:41:25.185000+00:00', 'hoisted_role': '750341519873147010', 'deaf': False}, 'channel_id': '750354502137282641', 'guild_id': '750319399839465512'}}
2020-09-01 08:26:20,405:DEBUG:discord.client: Dispatching event socket_response
2020-09-01 08:26:20,405:DEBUG:discord.client: Dispatching event typing
2020-09-01 08:26:21,047:DEBUG:discord.client: Dispatching event socket_raw_receive
2020-09-01 08:26:21,047:DEBUG:discord.gateway: For Shard ID None: WebSocket Event: {'t': 'MESSAGE_CREATE', 's': 4, 'op': 0, 'd': {'type': 0, 'tts': False, 'timestamp': '2020-09-01T14:26:19.786000+00:00', 'pinned': False, 'nonce': '750360905572679680', 'mentions': [], 'mention_roles': [], 'mention_everyone': False, 'member': {'roles': ['750341519873147010'], 'premium_since': None, 'nick': None, 'mute': False, 'joined_at': '2020-09-01T11:41:25.185000+00:00', 'hoisted_role': '750341519873147010', 'deaf': False}, 'id': '750360900816339066', 'flags': 0, 'embeds': [], 'edited_timestamp': None, 'content': '!temp', 'channel_id': '750354502137282641', 'author': {'username': 'cubic_unit', 'public_flags': 0, 'id': '584844490527997964', 'discriminator': '7275', 'avatar': '0b1844aa431aac554cc2eb445f44ba00'}, 'attachments': [], 'guild_id': '750319399839465512'}}
2020-09-01 08:26:21,047:DEBUG:discord.client: Dispatching event socket_response
2020-09-01 08:26:21,047:DEBUG:discord.client: Dispatching event message
2020-09-01 08:26:21,048:DEBUG:discord.client: Dispatching event command
2020-09-01 08:26:21,162:DEBUG:discord.client: Dispatching event socket_raw_receive
2020-09-01 08:26:21,162:DEBUG:discord.gateway: For Shard ID None: WebSocket Event: {'t': 'MESSAGE_CREATE', 's': 5, 'op': 0, 'd': {'type': 0, 'tts': False, 'timestamp': '2020-09-01T14:26:19.917000+00:00', 'pinned': False, 'mentions': [], 'mention_roles': [], 'mention_everyone': False, 'member': {'roles': ['750330561939111997'], 'premium_since': None, 'nick': None, 'mute': False, 'joined_at': '2020-09-01T12:25:46.464474+00:00', 'hoisted_role': None, 'deaf': False}, 'id': '750360901366054992', 'flags': 0, 'embeds': [], 'edited_timestamp': None, 'content': "We'll get there, too.", 'channel_id': '750354502137282641', 'author': {'username': 'TempMon', 'public_flags': 0, 'id': '750316942921039913', 'discriminator': '2939', 'bot': True, 'avatar': '196e066ddc6592bd00f28701af09a1f0'}, 'attachments': [], 'guild_id': '750319399839465512'}}
2020-09-01 08:26:21,162:DEBUG:discord.client: Dispatching event socket_response
2020-09-01 08:26:21,163:DEBUG:discord.client: Dispatching event message
2020-09-01 08:26:21,198:DEBUG:discord.http: POST https://discord.com/api/v7/channels/750354502137282641/messages with {"content":"We'll get there, too."} has returned 200
2020-09-01 08:26:21,198:DEBUG:discord.http: POST https://discord.com/api/v7/channels/750354502137282641/messages has received {'id': '750360901366054992', 'type': 0, 'content': "We'll get there, too.", 'channel_id': '750354502137282641', 'author': {'id': '750316942921039913', 'username': 'TempMon', 'avatar': '196e066ddc6592bd00f28701af09a1f0', 'discriminator': '2939', 'public_flags': 0, 'bot': True}, 'attachments': [], 'embeds': [], 'mentions': [], 'mention_roles': [], 'pinned': False, 'mention_everyone': False, 'tts': False, 'timestamp': '2020-09-01T14:26:19.917000+00:00', 'edited_timestamp': None, 'flags': 0}
2020-09-01 08:26:21,329:DEBUG:discord.client: Dispatching event socket_raw_receive
2020-09-01 08:26:21,329:DEBUG:discord.gateway: For Shard ID None: WebSocket Event: {'t': 'MESSAGE_CREATE', 's': 6, 'op': 0, 'd': {'type': 0, 'tts': False, 'timestamp': '2020-09-01T14:26:20.079000+00:00', 'pinned': False, 'mentions': [], 'mention_roles': [], 'mention_everyone': False, 'member': {'roles': ['750330561939111997'], 'premium_since': None, 'nick': None, 'mute': False, 'joined_at': '2020-09-01T12:25:46.464474+00:00', 'hoisted_role': None, 'deaf': False}, 'id': '750360902045270016', 'flags': 0, 'embeds': [], 'edited_timestamp': None, 'content': "For now, here's your args: ()", 'channel_id': '750354502137282641', 'author': {'username': 'TempMon', 'public_flags': 0, 'id': '750316942921039913', 'discriminator': '2939', 'bot': True, 'avatar': '196e066ddc6592bd00f28701af09a1f0'}, 'attachments': [], 'guild_id': '750319399839465512'}}
2020-09-01 08:26:21,329:DEBUG:discord.client: Dispatching event socket_response
2020-09-01 08:26:21,329:DEBUG:discord.client: Dispatching event message
2020-09-01 08:26:21,341:DEBUG:discord.http: POST https://discord.com/api/v7/channels/750354502137282641/messages with {"content":"For now, here's your args: ()"} has returned 200
2020-09-01 08:26:21,341:DEBUG:discord.http: POST https://discord.com/api/v7/channels/750354502137282641/messages has received {'id': '750360902045270016', 'type': 0, 'content': "For now, here's your args: ()", 'channel_id': '750354502137282641', 'author': {'id': '750316942921039913', 'username': 'TempMon', 'avatar': '196e066ddc6592bd00f28701af09a1f0', 'discriminator': '2939', 'public_flags': 0, 'bot': True}, 'attachments': [], 'embeds': [], 'mentions': [], 'mention_roles': [], 'pinned': False, 'mention_everyone': False, 'tts': False, 'timestamp': '2020-09-01T14:26:20.079000+00:00', 'edited_timestamp': None, 'flags': 0}
2020-09-01 08:26:21,341:DEBUG:discord.client: Dispatching event command_completion
2020-09-01 08:26:25,967:INFO:discord.client: Received signal to terminate bot and event loop.
2020-09-01 08:26:25,968:INFO:discord.client: Cleaning up tasks.
2020-09-01 08:26:25,968:INFO:discord.client: Cleaning up after 1 tasks.
2020-09-01 08:26:25,984:INFO:discord.client: All tasks finished cancelling.
2020-09-01 08:26:25,985:INFO:discord.client: Closing the event loop.
